Watching for file changes with StatReloader
Performing system checks...

System check identified no issues (0 silenced).
October 28, 2022 - 22:51:09
Django version 4.1, using settings 'bfc.settings'
Starting development server at http://127.0.0.1:8000/
Quit the server with CONTROL-C.
Watching for file changes with StatReloader
Watching for file changes with StatReloader
Error: That port is already in use.
Watching for file changes with StatReloader
Error: That port is already in use.
[28/Oct/2022 22:52:05] "GET / HTTP/1.1" 200 1954
[28/Oct/2022 22:52:05] "GET /static/word/word_list.css HTTP/1.1" 200 907
[28/Oct/2022 22:52:05] "GET /static/word/images/play_button.png HTTP/1.1" 304 0
[28/Oct/2022 22:52:05] "GET /static/word/images/type_button.svg HTTP/1.1" 304 0
[28/Oct/2022 22:52:05] "GET /static/word/images/dic_button.svg HTTP/1.1" 304 0
[28/Oct/2022 22:52:06] "GET / HTTP/1.1" 200 1954
[28/Oct/2022 22:52:06] "GET /static/word/images/dic_button.svg HTTP/1.1" 304 0
[28/Oct/2022 22:52:06] "GET /static/word/images/type_button.svg HTTP/1.1" 304 0
[28/Oct/2022 22:52:06] "GET /static/word/images/play_button.png HTTP/1.1" 304 0
Performing system checks...

System check identified no issues (0 silenced).
October 28, 2022 - 22:51:34
Django version 4.1, using settings 'bfc.settings'
Starting development server at http://127.0.0.1:8000/
Quit the server with CONTROL-C.
Watching for file changes with StatReloader
[28/Oct/2022 22:52:23] "GET / HTTP/1.1" 200 1954
[28/Oct/2022 22:52:23] "GET /static/word/word_list.css HTTP/1.1" 304 0
[28/Oct/2022 22:52:23] "GET /static/word/images/play_button.png HTTP/1.1" 304 0
[28/Oct/2022 22:52:23] "GET /static/word/images/type_button.svg HTTP/1.1" 304 0
[28/Oct/2022 22:52:23] "GET /static/word/images/dic_button.svg HTTP/1.1" 304 0
[28/Oct/2022 22:52:27] "GET / HTTP/1.1" 200 1954
[28/Oct/2022 22:52:27] "GET /static/word/images/type_button.svg HTTP/1.1" 304 0
[28/Oct/2022 22:52:27] "GET /static/word/images/dic_button.svg HTTP/1.1" 304 0
[28/Oct/2022 22:52:27] "GET /static/word/images/play_button.png HTTP/1.1" 200 571
[28/Oct/2022 22:52:29] "GET / HTTP/1.1" 200 1954
[28/Oct/2022 22:52:29] "GET /static/word/images/play_button.png HTTP/1.1" 304 0
[28/Oct/2022 22:52:29] "GET /static/word/images/type_button.svg HTTP/1.1" 304 0
[28/Oct/2022 22:52:29] "GET /static/word/images/dic_button.svg HTTP/1.1" 304 0
[28/Oct/2022 22:52:29] "GET / HTTP/1.1" 200 1954
[28/Oct/2022 22:52:29] "GET /static/word/images/dic_button.svg HTTP/1.1" 304 0
[28/Oct/2022 22:52:29] "GET /static/word/images/type_button.svg HTTP/1.1" 304 0
[28/Oct/2022 22:52:29] "GET /static/word/images/play_button.png HTTP/1.1" 304 0
[28/Oct/2022 22:52:29] "GET / HTTP/1.1" 200 1954
[28/Oct/2022 22:52:29] "GET /static/word/images/play_button.png HTTP/1.1" 304 0
[28/Oct/2022 22:52:29] "GET /static/word/images/type_button.svg HTTP/1.1" 304 0
[28/Oct/2022 22:52:29] "GET /static/word/images/dic_button.svg HTTP/1.1" 304 0
[28/Oct/2022 22:52:29] "GET / HTTP/1.1" 200 1954
[28/Oct/2022 22:52:29] "GET /static/word/images/type_button.svg HTTP/1.1" 304 0
[28/Oct/2022 22:52:29] "GET /static/word/images/dic_button.svg HTTP/1.1" 304 0
[28/Oct/2022 22:52:29] "GET /static/word/images/play_button.png HTTP/1.1" 304 0
[28/Oct/2022 22:57:25] "GET / HTTP/1.1" 200 2004
[28/Oct/2022 22:57:25] "GET /static/word/images/type_button.svg HTTP/1.1" 304 0
[28/Oct/2022 22:57:25] "GET /static/word/images/dic_button.svg HTTP/1.1" 304 0
[28/Oct/2022 22:57:25] "GET /static/word/word_list.css HTTP/1.1" 200 907
[28/Oct/2022 22:57:25] "GET /static/word/images/play_button.png HTTP/1.1" 304 0
Not Found: /delete/17/
[28/Oct/2022 22:57:32] "GET /delete/17/ HTTP/1.1" 404 2850
[28/Oct/2022 22:57:38] "GET /delete/1/ HTTP/1.1" 200 929
[28/Oct/2022 22:57:38] "GET /static/word/word_confirm_delete.css HTTP/1.1" 200 1257
[28/Oct/2022 22:57:40] "POST /delete/1/ HTTP/1.1" 302 0
[28/Oct/2022 22:57:40] "GET /delete/list HTTP/1.1" 200 1018
[28/Oct/2022 22:57:40] "GET /static/word/images/add_icon.png HTTP/1.1" 200 7085
[28/Oct/2022 22:57:45] "GET / HTTP/1.1" 200 1071
[28/Oct/2022 22:58:33] "GET / HTTP/1.1" 200 1071
[28/Oct/2022 22:58:33] "GET /static/word/word_list.css HTTP/1.1" 200 947
[28/Oct/2022 22:58:34] "GET / HTTP/1.1" 200 1071
[28/Oct/2022 22:58:34] "GET /static/word/word_list.css HTTP/1.1" 304 0
[28/Oct/2022 22:58:37] "GET / HTTP/1.1" 200 1071
[28/Oct/2022 22:58:37] "GET /static/word/word_list.css HTTP/1.1" 200 947
[28/Oct/2022 22:58:43] "GET / HTTP/1.1" 200 1095
[28/Oct/2022 22:58:43] "GET /static/word/word_list.css HTTP/1.1" 304 0
[28/Oct/2022 22:58:56] "GET / HTTP/1.1" 200 1095
[28/Oct/2022 22:58:56] "GET /static/word/word_list.css HTTP/1.1" 200 968
[28/Oct/2022 22:59:25] "GET / HTTP/1.1" 200 1095
[28/Oct/2022 22:59:25] "GET /static/word/word_list.css HTTP/1.1" 200 981
[28/Oct/2022 22:59:37] "GET / HTTP/1.1" 200 1095
[28/Oct/2022 22:59:37] "GET /static/word/word_list.css HTTP/1.1" 200 981
[28/Oct/2022 22:59:46] "GET / HTTP/1.1" 200 1095
[28/Oct/2022 22:59:46] "GET /static/word/word_list.css HTTP/1.1" 200 981
[28/Oct/2022 22:59:58] "GET / HTTP/1.1" 200 1166
[28/Oct/2022 22:59:58] "GET /static/word/word_list.css HTTP/1.1" 304 0
[28/Oct/2022 23:02:19] "GET / HTTP/1.1" 200 1166
[28/Oct/2022 23:02:19] "GET /static/word/word_list.css HTTP/1.1" 200 1094
[28/Oct/2022 23:02:27] "GET / HTTP/1.1" 200 1170
[28/Oct/2022 23:02:27] "GET /static/word/word_list.css HTTP/1.1" 304 0
[28/Oct/2022 23:02:38] "GET / HTTP/1.1" 200 1170
[28/Oct/2022 23:02:38] "GET /static/word/word_list.css HTTP/1.1" 200 1112
[28/Oct/2022 23:02:54] "GET /create/ HTTP/1.1" 200 1047
[28/Oct/2022 23:02:54] "GET /static/word/word_form.css HTTP/1.1" 304 0
[28/Oct/2022 23:02:59] "POST /create/ HTTP/1.1" 302 0
[28/Oct/2022 23:02:59] "GET / HTTP/1.1" 200 2086
[28/Oct/2022 23:02:59] "GET /static/word/word_list.css HTTP/1.1" 304 0
[28/Oct/2022 23:04:11] "GET / HTTP/1.1" 200 2131
[28/Oct/2022 23:04:11] "GET /static/word/word_list.css HTTP/1.1" 304 0
[28/Oct/2022 23:04:11] "GET /static/word/images/play_button.png HTTP/1.1" 304 0
[28/Oct/2022 23:04:11] "GET /static/word/images/type_button.svg HTTP/1.1" 304 0
[28/Oct/2022 23:04:11] "GET /static/word/images/dic_button.svg HTTP/1.1" 304 0
[28/Oct/2022 23:04:45] "GET / HTTP/1.1" 200 2131
[28/Oct/2022 23:04:45] "GET /static/word/word_list.css HTTP/1.1" 200 1144
[28/Oct/2022 23:04:45] "GET /static/word/images/play_button.png HTTP/1.1" 304 0
[28/Oct/2022 23:04:45] "GET /static/word/images/dic_button.svg HTTP/1.1" 304 0
[28/Oct/2022 23:04:45] "GET /static/word/images/type_button.svg HTTP/1.1" 304 0
[28/Oct/2022 23:05:45] "GET / HTTP/1.1" 200 2131
[28/Oct/2022 23:05:45] "GET /static/word/word_list.css HTTP/1.1" 200 1170
[28/Oct/2022 23:05:45] "GET /static/word/images/dic_button.svg HTTP/1.1" 304 0
[28/Oct/2022 23:05:45] "GET /static/word/images/play_button.png HTTP/1.1" 200 571
[28/Oct/2022 23:05:45] "GET /static/word/images/type_button.svg HTTP/1.1" 304 0
[28/Oct/2022 23:05:52] "GET / HTTP/1.1" 200 2131
[28/Oct/2022 23:05:52] "GET /static/word/word_list.css HTTP/1.1" 200 1170
[28/Oct/2022 23:05:52] "GET /static/word/images/play_button.png HTTP/1.1" 304 0
[28/Oct/2022 23:05:52] "GET /static/word/images/type_button.svg HTTP/1.1" 304 0
[28/Oct/2022 23:05:52] "GET /static/word/images/dic_button.svg HTTP/1.1" 304 0
[28/Oct/2022 23:06:03] "GET / HTTP/1.1" 200 2131
[28/Oct/2022 23:06:03] "GET /static/word/word_list.css HTTP/1.1" 200 1173
[28/Oct/2022 23:06:03] "GET /static/word/images/play_button.png HTTP/1.1" 304 0
[28/Oct/2022 23:06:03] "GET /static/word/images/dic_button.svg HTTP/1.1" 304 0
[28/Oct/2022 23:06:03] "GET /static/word/images/type_button.svg HTTP/1.1" 304 0
[28/Oct/2022 23:06:58] "GET / HTTP/1.1" 200 2131
[28/Oct/2022 23:06:58] "GET /static/word/word_list.css HTTP/1.1" 304 0
[28/Oct/2022 23:06:58] "GET /static/word/images/dic_button.svg HTTP/1.1" 304 0
[28/Oct/2022 23:06:58] "GET /static/word/images/type_button.svg HTTP/1.1" 304 0
[28/Oct/2022 23:06:58] "GET /static/word/images/play_button.png HTTP/1.1" 304 0
[28/Oct/2022 23:07:01] "GET / HTTP/1.1" 200 2131
[28/Oct/2022 23:07:01] "GET /static/word/images/play_button.png HTTP/1.1" 304 0
[28/Oct/2022 23:07:01] "GET /static/word/images/dic_button.svg HTTP/1.1" 304 0
[28/Oct/2022 23:07:01] "GET /static/word/images/type_button.svg HTTP/1.1" 304 0
[28/Oct/2022 23:08:34] "GET / HTTP/1.1" 200 2131
[28/Oct/2022 23:08:34] "GET /static/word/word_list.css HTTP/1.1" 200 1193
[28/Oct/2022 23:08:34] "GET /static/word/images/type_button.svg HTTP/1.1" 304 0
[28/Oct/2022 23:08:34] "GET /static/word/images/dic_button.svg HTTP/1.1" 304 0
[28/Oct/2022 23:08:34] "GET /static/word/images/play_button.png HTTP/1.1" 304 0
[28/Oct/2022 23:10:55] "GET / HTTP/1.1" 200 2131
[28/Oct/2022 23:10:55] "GET /static/word/word_list.css HTTP/1.1" 200 1322
[28/Oct/2022 23:10:55] "GET /static/word/images/play_button.png HTTP/1.1" 304 0
[28/Oct/2022 23:10:55] "GET /static/word/images/type_button.svg HTTP/1.1" 304 0
[28/Oct/2022 23:10:55] "GET /static/word/images/dic_button.svg HTTP/1.1" 304 0
[28/Oct/2022 23:11:53] "GET / HTTP/1.1" 200 2131
[28/Oct/2022 23:11:53] "GET /static/word/word_list.css HTTP/1.1" 200 1510
[28/Oct/2022 23:11:53] "GET /static/word/images/dic_button.svg HTTP/1.1" 304 0
[28/Oct/2022 23:11:53] "GET /static/word/images/type_button.svg HTTP/1.1" 304 0
[28/Oct/2022 23:11:53] "GET /static/word/images/play_button.png HTTP/1.1" 304 0
[28/Oct/2022 23:20:03] "GET / HTTP/1.1" 200 2131
[28/Oct/2022 23:20:03] "GET /static/word/word_list.css HTTP/1.1" 200 1532
[28/Oct/2022 23:20:03] "GET /static/word/images/type_button.svg HTTP/1.1" 304 0
[28/Oct/2022 23:20:03] "GET /static/word/images/play_button.png HTTP/1.1" 304 0
[28/Oct/2022 23:20:03] "GET /static/word/images/dic_button.svg HTTP/1.1" 304 0
[28/Oct/2022 23:20:24] "GET / HTTP/1.1" 200 2131
[28/Oct/2022 23:20:24] "GET /static/word/word_list.css HTTP/1.1" 200 1532
[28/Oct/2022 23:20:24] "GET /static/word/images/type_button.svg HTTP/1.1" 304 0
[28/Oct/2022 23:20:24] "GET /static/word/images/dic_button.svg HTTP/1.1" 304 0
[28/Oct/2022 23:20:24] "GET /static/word/images/play_button.png HTTP/1.1" 304 0
Performing system checks...

System check identified no issues (0 silenced).
October 28, 2022 - 22:52:22
Django version 4.1, using settings 'bfc.settings'
Starting development server at http://127.0.0.1:8000/
Quit the server with CONTROL-C.
